

Started GET "/assets/rails.png" for 127.0.0.1 at 2014-05-14 15:40:58 +0700
Connecting to database specified by database.yml
Served asset /rails.png - 200 OK (4ms)


Started GET "/assets/rails.png" for 127.0.0.1 at 2014-05-14 15:41:30 +0700

TypeError (no implicit conversion of String into Hash):
  config/routes.rb:4:in `block in <top (required)>'
  config/routes.rb:1:in `<top (required)>'


  Rendered /Users/chamnapchhorn/.rvm/gems/ruby-2.1.0@themes_on_rails_example/gems/actionpack-3.2.17/lib/action_dispatch/middleware/templates/rescues/_trace.erb (1.3ms)
  Rendered /Users/chamnapchhorn/.rvm/gems/ruby-2.1.0@themes_on_rails_example/gems/actionpack-3.2.17/lib/action_dispatch/middleware/templates/rescues/_request_and_response.erb (2.0ms)
  Rendered /Users/chamnapchhorn/.rvm/gems/ruby-2.1.0@themes_on_rails_example/gems/actionpack-3.2.17/lib/action_dispatch/middleware/templates/rescues/diagnostics.erb within rescues/layout (12.7ms)


Started GET "/assets/rails.png" for 127.0.0.1 at 2014-05-14 15:41:31 +0700
Served asset /rails.png - 200 OK (0ms)


Started GET "/" for 127.0.0.1 at 2014-05-14 15:42:01 +0700
Connecting to database specified by database.yml

ActionController::RoutingError (uninitialized constant HomeController):
  activesupport (3.2.17) lib/active_support/inflector/methods.rb:230:in `block in constantize'
  activesupport (3.2.17) lib/active_support/inflector/methods.rb:229:in `each'
  activesupport (3.2.17) lib/active_support/inflector/methods.rb:229:in `constantize'
  actionpack (3.2.17) lib/action_dispatch/routing/route_set.rb:69:in `controller_reference'
  actionpack (3.2.17) lib/action_dispatch/routing/route_set.rb:54:in `controller'
  actionpack (3.2.17) lib/action_dispatch/routing/route_set.rb:32:in `call'
  journey (1.0.4) lib/journey/router.rb:68:in `block in call'
  journey (1.0.4) lib/journey/router.rb:56:in `each'
  journey (1.0.4) lib/journey/router.rb:56:in `call'
  actionpack (3.2.17) lib/action_dispatch/routing/route_set.rb:608:in `call'
  actionpack (3.2.17) lib/action_dispatch/middleware/best_standards_support.rb:17:in `call'
  rack (1.4.5) lib/rack/etag.rb:23:in `call'
  rack (1.4.5) lib/rack/conditionalget.rb:25:in `call'
  actionpack (3.2.17) lib/action_dispatch/middleware/head.rb:14:in `call'
  actionpack (3.2.17) lib/action_dispatch/middleware/params_parser.rb:21:in `call'
  actionpack (3.2.17) lib/action_dispatch/middleware/flash.rb:242:in `call'
  rack (1.4.5) lib/rack/session/abstract/id.rb:210:in `context'
  rack (1.4.5) lib/rack/session/abstract/id.rb:205:in `call'
  actionpack (3.2.17) lib/action_dispatch/middleware/cookies.rb:341:in `call'
  activerecord (3.2.17) lib/active_record/query_cache.rb:64:in `call'
  activerecord (3.2.17) lib/active_record/connection_adapters/abstract/connection_pool.rb:479:in `call'
  actionpack (3.2.17) lib/action_dispatch/middleware/callbacks.rb:28:in `block in call'
  activesupport (3.2.17) lib/active_support/callbacks.rb:405:in `_run__3992394326062640740__call__458898161567005995__callbacks'
  activesupport (3.2.17) lib/active_support/callbacks.rb:405:in `__run_callback'
  activesupport (3.2.17) lib/active_support/callbacks.rb:385:in `_run_call_callbacks'
  activesupport (3.2.17) lib/active_support/callbacks.rb:81:in `run_callbacks'
  actionpack (3.2.17) lib/action_dispatch/middleware/callbacks.rb:27:in `call'
  actionpack (3.2.17) lib/action_dispatch/middleware/reloader.rb:65:in `call'
  actionpack (3.2.17) lib/action_dispatch/middleware/remote_ip.rb:31:in `call'
  actionpack (3.2.17) lib/action_dispatch/middleware/debug_exceptions.rb:16:in `call'
  actionpack (3.2.17) lib/action_dispatch/middleware/show_exceptions.rb:56:in `call'
  railties (3.2.17) lib/rails/rack/logger.rb:32:in `call_app'
  railties (3.2.17) lib/rails/rack/logger.rb:16:in `block in call'
  activesupport (3.2.17) lib/active_support/tagged_logging.rb:22:in `tagged'
  railties (3.2.17) lib/rails/rack/logger.rb:16:in `call'
  actionpack (3.2.17) lib/action_dispatch/middleware/request_id.rb:22:in `call'
  rack (1.4.5) lib/rack/methodoverride.rb:21:in `call'
  rack (1.4.5) lib/rack/runtime.rb:17:in `call'
  activesupport (3.2.17) lib/active_support/cache/strategy/local_cache.rb:72:in `call'
  rack (1.4.5) lib/rack/lock.rb:15:in `call'
  actionpack (3.2.17) lib/action_dispatch/middleware/static.rb:63:in `call'
  railties (3.2.17) lib/rails/engine.rb:484:in `call'
  railties (3.2.17) lib/rails/application.rb:231:in `call'
  rack (1.4.5) lib/rack/content_length.rb:14:in `call'
  railties (3.2.17) lib/rails/rack/log_tailer.rb:17:in `call'
  rack (1.4.5) lib/rack/handler/webrick.rb:59:in `service'
  /Users/chamnapchhorn/.rvm/rubies/ruby-2.1.0/lib/ruby/2.1.0/webrick/httpserver.rb:138:in `service'
  /Users/chamnapchhorn/.rvm/rubies/ruby-2.1.0/lib/ruby/2.1.0/webrick/httpserver.rb:94:in `run'
  /Users/chamnapchhorn/.rvm/rubies/ruby-2.1.0/lib/ruby/2.1.0/webrick/server.rb:295:in `block in start_thread'


  Rendered /Users/chamnapchhorn/.rvm/gems/ruby-2.1.0@themes_on_rails_example/gems/actionpack-3.2.17/lib/action_dispatch/middleware/templates/rescues/routing_error.erb within rescues/layout (1.8ms)


Started GET "/" for 127.0.0.1 at 2014-05-14 15:42:26 +0700
Processing by HomeController#index as HTML
  Rendered app/themes/blue/views/home/index.html.erb within layouts/blue (0.5ms)
Compiled blue/all.css  (1ms)  (pid 21593)
Compiled blue/all.js  (0ms)  (pid 21593)
Completed 200 OK in 23.6ms (Views: 23.2ms | ActiveRecord: 0.0ms)


Started GET "/assets/blue/all.css?body=1" for 127.0.0.1 at 2014-05-14 15:42:26 +0700
Served asset /blue/all.css - 200 OK (3ms)


Started GET "/assets/blue/all.js?body=1" for 127.0.0.1 at 2014-05-14 15:42:26 +0700
Served asset /blue/all.js - 200 OK (2ms)


Started GET "/assets/blue/image.jpg" for 127.0.0.1 at 2014-05-14 15:42:27 +0700
Served asset /blue/image.jpg - 200 OK (3ms)


Started GET "/?theme=red" for 127.0.0.1 at 2014-05-14 15:42:33 +0700
Processing by HomeController#index as HTML
  Parameters: {"theme"=>"red"}
  Rendered app/themes/red/views/home/index.html.erb within layouts/red (1.1ms)
Compiled red/all.css  (0ms)  (pid 21593)
Compiled red/all.js  (0ms)  (pid 21593)
Completed 200 OK in 22.2ms (Views: 21.9ms | ActiveRecord: 0.0ms)


Started GET "/assets/red/all.css?body=1" for 127.0.0.1 at 2014-05-14 15:42:33 +0700
Served asset /red/all.css - 200 OK (2ms)


Started GET "/assets/red/all.js?body=1" for 127.0.0.1 at 2014-05-14 15:42:33 +0700
Served asset /red/all.js - 200 OK (2ms)


Started GET "/?theme=blue" for 127.0.0.1 at 2014-05-14 15:42:38 +0700
Processing by HomeController#index as HTML
  Parameters: {"theme"=>"blue"}
  Rendered app/themes/blue/views/home/index.html.erb within layouts/blue (0.4ms)
Completed 200 OK in 3.2ms (Views: 2.9ms | ActiveRecord: 0.0ms)


Started GET "/assets/blue/all.css?body=1" for 127.0.0.1 at 2014-05-14 15:42:38 +0700
Served asset /blue/all.css - 304 Not Modified (0ms)


Started GET "/assets/blue/all.js?body=1" for 127.0.0.1 at 2014-05-14 15:42:38 +0700
Served asset /blue/all.js - 304 Not Modified (0ms)


Started GET "/?theme=blue" for 127.0.0.1 at 2014-05-14 15:46:11 +0700
Connecting to database specified by database.yml
Processing by HomeController#index as HTML
  Parameters: {"theme"=>"blue"}
  Rendered app/themes/blue/views/home/index.html.erb within layouts/blue (1.1ms)
Completed 200 OK in 13.4ms (Views: 12.7ms | ActiveRecord: 0.0ms)


Started GET "/assets/blue/all.css?body=1" for 127.0.0.1 at 2014-05-14 15:46:11 +0700
Served asset /blue/all.css - 304 Not Modified (2ms)


Started GET "/assets/blue/all.js?body=1" for 127.0.0.1 at 2014-05-14 15:46:11 +0700
Served asset /blue/all.js - 304 Not Modified (1ms)


Started GET "/assets/blue/image.jpg" for 127.0.0.1 at 2014-05-14 15:46:12 +0700
Served asset /blue/image.jpg - 304 Not Modified (1ms)


Started GET "/?theme=red" for 127.0.0.1 at 2014-05-14 15:46:15 +0700
Processing by HomeController#index as HTML
  Parameters: {"theme"=>"red"}
  Rendered app/themes/red/views/home/index.html.erb within layouts/red (0.5ms)
Completed 200 OK in 8.7ms (Views: 8.4ms | ActiveRecord: 0.0ms)


Started GET "/assets/red/all.css?body=1" for 127.0.0.1 at 2014-05-14 15:46:15 +0700
Served asset /red/all.css - 304 Not Modified (3ms)


Started GET "/assets/red/all.js?body=1" for 127.0.0.1 at 2014-05-14 15:46:15 +0700
Served asset /red/all.js - 304 Not Modified (2ms)
